#
# A fatal error has been detected by the Java Runtime Environment:
#
#  EXCEPTION_ACCESS_VIOLATION (0xc0000005) at pc=0x00007ff949d5ab4b, pid=18588, tid=18936
#
# JRE version: Java(TM) SE Runtime Environment (17.0.12+8) (build 17.0.12+8-LTS-286)
# Java VM: Java HotSpot(TM) 64-Bit Server VM (17.0.12+8-LTS-286, mixed mode, sharing, tiered, compressed oops, compressed class ptrs, g1 gc, windows-amd64)
# Problematic frame:
# V  [jvm.dll+0x25ab4b]
#
# No core dump will be written. Minidumps are not enabled by default on client versions of Windows
#
# If you would like to submit a bug report, please visit:
#   https://bugreport.java.com/bugreport/crash.jsp
#

---------------  S U M M A R Y ------------

Command Line: -javaagent:C:\Program Files\JetBrains\IntelliJ IDEA Community Edition 2025.1.1\lib\idea_rt.jar=60676 -Dfile.encoding=UTF-8 com.ariana.notes.NotesApplication

Host: Intel(R) Core(TM) i3-4030U CPU @ 1.90GHz, 4 cores, 11G,  Windows 10 , 64 bit Build 19041 (10.0.19041.5794)
Time: Wed Jun 11 01:10:56 2025 Hora estándar de Argentina elapsed time: 17614.020599 seconds (0d 4h 53m 34s)

---------------  T H R E A D  ---------------

Current thread (0x000002c6f7999910):  JavaThread "SpringApplicationShutdownHook" [_thread_in_vm, id=18936, stack(0x000000d59ac00000,0x000000d59ad00000)]

Stack: [0x000000d59ac00000,0x000000d59ad00000],  sp=0x000000d59acfd4d0,  free space=1013k
Native frames: (J=compiled Java code, j=interpreted, Vv=VM code, C=native code)
V  [jvm.dll+0x25ab4b]
V  [jvm.dll+0x65100d]
V  [jvm.dll+0x25bb8b]
V  [jvm.dll+0x36e9f6]
V  [jvm.dll+0x201cfd]
V  [jvm.dll+0x200bfa]
V  [jvm.dll+0x7519b4]
V  [jvm.dll+0x7535d1]
V  [jvm.dll+0x7547e8]
V  [jvm.dll+0x755bc6]
V  [jvm.dll+0x755ef8]
V  [jvm.dll+0x23d13b]
V  [jvm.dll+0x37d676]
C  0x000002c69f32b97e

Java frames: (J=compiled Java code, j=interpreted, Vv=VM code)
j  java.beans.WeakIdentityMap.newTable(I)[Ljava/beans/WeakIdentityMap$Entry;+1 java.desktop@17.0.12
j  java.beans.WeakIdentityMap.<init>()V+19 java.desktop@17.0.12
j  java.beans.ThreadGroupContext$1.<init>()V+1 java.desktop@17.0.12
j  java.beans.ThreadGroupContext.<clinit>()V+4 java.desktop@17.0.12
v  ~StubRoutines::call_stub
j  java.beans.Introspector.flushCaches()V+0 java.desktop@17.0.12
j  org.apache.catalina.loader.WebappClassLoaderBase.clearReferences()V+133
j  org.apache.catalina.loader.WebappClassLoaderBase.stop()V+8
j  org.apache.catalina.loader.WebappLoader.stopInternal()V+65
j  org.apache.catalina.util.LifecycleBase.stop()V+228
j  org.apache.catalina.core.StandardContext.stopInternal()V+363
j  org.apache.catalina.util.LifecycleBase.stop()V+228
j  org.apache.catalina.core.ContainerBase$StopChild.call()Ljava/lang/Void;+19
j  org.apache.catalina.core.ContainerBase$StopChild.call()Ljava/lang/Object;+1
j  java.util.concurrent.FutureTask.run()V+39 java.base@17.0.12
j  org.apache.tomcat.util.threads.InlineExecutorService.execute(Ljava/lang/Runnable;)V+38
j  java.util.concurrent.AbstractExecutorService.submit(Ljava/util/concurrent/Callable;)Ljava/util/concurrent/Future;+20 java.base@17.0.12
j  org.apache.catalina.core.ContainerBase.stopInternal()V+125
j  org.apache.catalina.util.LifecycleBase.stop()V+228
j  org.apache.catalina.core.ContainerBase$StopChild.call()Ljava/lang/Void;+19
j  org.apache.catalina.core.ContainerBase$StopChild.call()Ljava/lang/Object;+1
j  java.util.concurrent.FutureTask.run()V+39 java.base@17.0.12
j  org.apache.tomcat.util.threads.InlineExecutorService.execute(Ljava/lang/Runnable;)V+38
j  java.util.concurrent.AbstractExecutorService.submit(Ljava/util/concurrent/Callable;)Ljava/util/concurrent/Future;+20 java.base@17.0.12
j  org.apache.catalina.core.ContainerBase.stopInternal()V+125
j  org.apache.catalina.util.LifecycleBase.stop()V+228
j  org.apache.catalina.core.StandardService.stopInternal()V+188
j  org.apache.catalina.util.LifecycleBase.stop()V+228
j  org.apache.catalina.core.StandardServer.stopInternal()V+83
j  org.apache.catalina.util.LifecycleBase.stop()V+228
j  org.apache.catalina.startup.Tomcat.stop()V+9
j  org.springframework.boot.web.embedded.tomcat.TomcatWebServer.stopTomcat()V+29
j  org.springframework.boot.web.embedded.tomcat.TomcatWebServer.destroy()V+1
j  org.springframework.boot.web.servlet.context.ServletWebServerApplicationContext.doClose()V+28
j  org.springframework.context.support.AbstractApplicationContext.close()V+33
j  org.springframework.boot.SpringApplicationShutdownHook.closeAndWait(Lorg/springframework/context/ConfigurableApplicationContext;)V+11
j  org.springframework.boot.SpringApplicationShutdownHook$$Lambda$1649+0x000002c6b299d080.accept(Ljava/lang/Object;)V+8
j  java.lang.Iterable.forEach(Ljava/util/function/Consumer;)V+30 java.base@17.0.12
j  org.springframework.boot.SpringApplicationShutdownHook.run()V+75
j  java.lang.Thread.run()V+11 java.base@17.0.12
v  ~StubRoutines::call_stub

siginfo: EXCEPTION_ACCESS_VIOLATION (0xc0000005), reading address 0xffffffffffffffff


Registers:
RAX=0x94ad827645c73978, RBX=0x000000d59acfd660, RCX=0x000002c69fb56040, RDX=0x0000000000000060
RSP=0x000000d59acfd4d0, RBP=0x0000000000000000, RSI=0x000000d59acfd660, RDI=0x000000d59acfd520
R8 =0x94ad827645c73978, R9 =0x0000000000000013, R10=0x00000000000058dc, R11=0x000000d59acfd450
R12=0x000002c68edeeaf0, R13=0x000002c68edeeaf0, R14=0x000002c6f7999910, R15=0x00000000a28a58dc
RIP=0x00007ff949d5ab4b, EFLAGS=0x0000000000010286


Register to memory mapping:

RIP=0x00007ff949d5ab4b jvm.dll
RAX=0x94ad827645c73978 is an unknown value
RBX=0x000000d59acfd660 is pointing into the stack for thread: 0x000002c6f7999910
RCX=0x000002c69fb56040 is at entry_point+16320 in (nmethod*)0x000002c69fb51b10
Compiled method (c2) 17614050 4881       4       org.springframework.core.BridgeMethodResolver::resolveBridgeMethod (180 bytes)
 total in heap  [0x000002c69fb51b10,0x000002c69fb58b90] = 28800
 relocation     [0x000002c69fb51c68,0x000002c69fb52068] = 1024
 main code      [0x000002c69fb52080,0x000002c69fb55da0] = 15648
 stub code      [0x000002c69fb55da0,0x000002c69fb55fb8] = 536
 oops           [0x000002c69fb55fb8,0x000002c69fb56040] = 136
 metadata       [0x000002c69fb56040,0x000002c69fb56470] = 1072
 scopes data    [0x000002c69fb56470,0x000002c69fb57c70] = 6144
 scopes pcs     [0x000002c69fb57c70,0x000002c69fb584e0] = 2160
 dependencies   [0x000002c69fb584e0,0x000002c69fb58588] = 168
 handler table  [0x000002c69fb58588,0x000002c69fb58ab0] = 1320
 nul chk table  [0x000002c69fb58ab0,0x000002c69fb58b90] = 224
RDX=0x0000000000000060 is an unknown value
RSP=0x000000d59acfd4d0 is pointing into the stack for thread: 0x000002c6f7999910
RBP=0x0 is NULL
RSI=0x000000d59acfd660 is pointing into the stack for thread: 0x000002c6f7999910
RDI=0x000000d59acfd520 is pointing into the stack for thread: 0x000002c6f7999910
R8 =0x94ad827645c73978 is an unknown value
R9 =0x0000000000000013 is an unknown value
R10=0x00000000000058dc is an unknown value
R11=0x000000d59acfd450 is pointing into the stack for thread: 0x000002c6f7999910
R12=0x000002c68edeeaf0 points into unknown readable memory: 0x0000000000000000 | 00 00 00 00 00 00 00 00
R13=0x000002c68edeeaf0 points into unknown readable memory: 0x0000000000000000 | 00 00 00 00 00 00 00 00
R14=0x000002c6f7999910 is a thread
R15=0x00000000a28a58dc is an unknown value


Top of Stack: (sp=0x000000d59acfd4d0)
0x000000d59acfd4d0:   000000d59acfd660 000000d59acfd660
0x000000d59acfd4e0:   00000000a28a58dc 000002c69fb51b10
0x000000d59acfd4f0:   000002c69fb51b10 00007ff94a15100d
0x000000d59acfd500:   000000d59acfd660 000000d59acfd660
0x000000d59acfd510:   000002c68edeeaf0 000002c6f7999910
0x000000d59acfd520:   000002c69fb51b10 0000000000000000
0x000000d59acfd530:   000002c69fb584e0 00007ff900000009
0x000000d59acfd540:   0000006100000003 0000006000000013
0x000000d59acfd550:   000002c600000061 0000fdf4792f70de
0x000000d59acfd560:   000002c6f9291ac0 00007ff949d5bb8b
0x000000d59acfd570:   000002c68ed17bd0 000002c6fb5444f0
0x000000d59acfd580:   00000000000003d8 000002c6fb4dece0
0x000000d59acfd590:   000000d59acfd660 00007ff949e6e9f6
0x000000d59acfd5a0:   0000000000000000 000002c68ed17bd0
0x000000d59acfd5b0:   000000d59acfd780 0000000000000000
0x000000d59acfd5c0:   000002c6b105bca8 000002c6b105bcb0 

Instructions: (pc=0x00007ff949d5ab4b)
0x00007ff949d5aa4b:   8b 6c 24 38 48 8b 74 24 40 48 8b 7c 24 48 48 83
0x00007ff949d5aa5b:   c4 20 41 5e c3 8b c6 eb e1 cc cc cc cc cc cc cc
0x00007ff949d5aa6b:   cc cc cc cc cc 41 b8 01 00 00 00 e9 75 ff ff ff
0x00007ff949d5aa7b:   cc cc cc cc cc 41 b8 02 00 00 00 e9 65 ff ff ff
0x00007ff949d5aa8b:   cc cc cc cc cc 41 b8 03 00 00 00 e9 55 ff ff ff
0x00007ff949d5aa9b:   cc cc cc cc cc 41 b8 04 00 00 00 e9 45 ff ff ff
0x00007ff949d5aaab:   cc cc cc cc cc 45 33 c0 48 2b ca 8b 02 2b 04 11
0x00007ff949d5aabb:   75 0d 49 ff c0 48 83 c2 04 49 83 f8 01 7c ec c3
0x00007ff949d5aacb:   cc cc cc cc cc 45 33 c0 48 2b ca 8b 02 2b 04 11
0x00007ff949d5aadb:   75 0d 49 ff c0 48 83 c2 04 49 83 f8 02 7c ec c3
0x00007ff949d5aaeb:   cc cc cc cc cc 45 33 c0 48 2b ca 8b 02 2b 04 11
0x00007ff949d5aafb:   75 0d 49 ff c0 48 83 c2 04 49 83 f8 03 7c ec c3
0x00007ff949d5ab0b:   cc cc cc cc cc 48 89 5c 24 08 57 48 83 ec 20 48
0x00007ff949d5ab1b:   8b 02 48 8b f9 48 8b ca 48 8b da ff 10 84 c0 74
0x00007ff949d5ab2b:   43 8b 47 20 83 f8 08 77 3b 83 c0 fe 83 f8 05 77
0x00007ff949d5ab3b:   33 33 d2 48 8b cf e8 2a bb ff ff 48 85 c0 74 24
0x00007ff949d5ab4b:   83 78 08 00 7e 1e 80 b8 32 01 00 00 00 74 15 48
0x00007ff949d5ab5b:   8b d3 48 8b cf 48 8b 5c 24 30 48 83 c4 20 5f e9
0x00007ff949d5ab6b:   a1 c5 ff ff 48 8b 03 48 8b cb ff 50 18 84 c0 74
0x00007ff949d5ab7b:   15 48 8b d3 48 8b cf 48 8b 5c 24 30 48 83 c4 20
0x00007ff949d5ab8b:   5f e9 2f c4 ff ff 48 8b 5c 24 30 33 c0 48 83 c4
0x00007ff949d5ab9b:   20 5f c3 cc cc 40 53 48 83 ec 20 48 8b d9 48 8b
0x00007ff949d5abab:   09 48 8b 01 ff 10 45 33 c0 84 c0 74 09 48 8b 03
0x00007ff949d5abbb:   48 8b 50 08 eb 03 49 8b d0 48 8b c2 48 89 53 10
0x00007ff949d5abcb:   48 f7 d8 4c 89 43 18 4c 89 43 20 1b c9 83 e1 04
0x00007ff949d5abdb:   89 4b 08 48 83 c4 20 5b c3 cc cc cc cc cc cc cc
0x00007ff949d5abeb:   cc cc cc cc cc 48 89 74 24 20 55 41 56 41 57 48
0x00007ff949d5abfb:   8d 6c 24 f0 48 81 ec 10 01 00 00 48 8b 05 bb 65
0x00007ff949d5ac0b:   87 00 48 33 c4 48 89 45 00 48 8b 81 b0 00 00 00
0x00007ff949d5ac1b:   33 f6 48 89 4c 24 38 4d 8b f8 48 8d 4c 24 30 48
0x00007ff949d5ac2b:   89 74 24 30 48 89 44 24 40 45 33 f6 89 74 24 48
0x00007ff949d5ac3b:   e8 70 f2 ff ff 84 c0 0f 84 44 02 00 00 48 89 9c 


Stack slot to memory mapping:
stack at sp + 0 slots: 0x000000d59acfd660 is pointing into the stack for thread: 0x000002c6f7999910
stack at sp + 1 slots: 0x000000d59acfd660 is pointing into the stack for thread: 0x000002c6f7999910
stack at sp + 2 slots: 0x00000000a28a58dc is an unknown value
stack at sp + 3 slots: 0x000002c69fb51b10 is at entry_point+-1392 in (nmethod*)0x000002c69fb51b10
Compiled method (c2) 17614098 4881       4       org.springframework.core.BridgeMethodResolver::resolveBridgeMethod (180 bytes)
 total in heap  [0x000002c69fb51b10,0x000002c69fb58b90] = 28800
 relocation     [0x000002c69fb51c68,0x000002c69fb52068] = 1024
 main code      [0x000002c69fb52080,0x000002c69fb55da0] = 15648
 stub code      [0x000002c69fb55da0,0x000002c69fb55fb8] = 536
 oops           [0x000002c69fb55fb8,0x000002c69fb56040] = 136
 metadata       [0x000002c69fb56040,0x000002c69fb56470] = 1072
 scopes data    [0x000002c69fb56470,0x000002c69fb57c70] = 6144
 scopes pcs     [0x000002c69fb57c70,0x000002c69fb584e0] = 2160
 dependencies   [0x000002c69fb584e0,0x000002c69fb58588] = 168
 handler table  [0x000002c69fb58588,0x000002c69fb58ab0] = 1320
 nul chk table  [0x000002c69fb58ab0,0x000002c69fb58b90] = 224
stack at sp + 4 slots: 0x000002c69fb51b10 is at entry_point+-1392 in (nmethod*)0x000002c69fb51b10
Compiled method (c2) 17614098 4881       4       org.springframework.core.BridgeMethodResolver::resolveBridgeMethod (180 bytes)
 total in heap  [0x000002c69fb51b10,0x000002c69fb58b90] = 28800
 relocation     [0x000002c69fb51c68,0x000002c69fb52068] = 1024
 main code      [0x000002c69fb52080,0x000002c69fb55da0] = 15648
 stub code      [0x000002c69fb55da0,0x000002c69fb55fb8] = 536
 oops           [0x000002c69fb55fb8,0x000002c69fb56040] = 136
 metadata       [0x000002c69fb56040,0x000002c69fb56470] = 1072
 scopes data    [0x000002c69fb56470,0x000002c69fb57c70] = 6144
 scopes pcs     [0x000002c69fb57c70,0x000002c69fb584e0] = 2160
 dependencies   [0x000002c69fb584e0,0x000002c69fb58588] = 168
 handler table  [0x000002c69fb58588,0x000002c69fb58ab0] = 1320
 nul chk table  [0x000002c69fb58ab0,0x000002c69fb58b90] = 224
stack at sp + 5 slots: 0x00007ff94a15100d jvm.dll
stack at sp + 6 slots: 0x000000d59acfd660 is pointing into the stack for thread: 0x000002c6f7999910
stack at sp + 7 slots: 0x000000d59acfd660 is pointing into the stack for thread: 0x000002c6f7999910


---------------  P R O C E S S  ---------------

Threads class SMR info:
_java_thread_list=0x000002c6f7271a60, length=19, elements={
0x000002c6b0aef6e0, 0x000002c6b0af2c20, 0x000002c6b0b02630, 0x000002c6b0b06020,
0x000002c6b0b07090, 0x000002c6b0b0bee0, 0x000002c6b0b0e760, 0x000002c6b0b118f0,
0x000002c6b0b268b0, 0x000002c6b0b263a0, 0x000002c6b0b272d0, 0x000002c6b0b29130,
0x000002c6b0b28200, 0x000002c6b0b28c20, 0x000002c6b0b28710, 0x000002c6f799dae0,
0x000002c6f7997090, 0x000002c6f7999e20, 0x000002c6f7999910
}

Java Threads: ( => current thread )
  0x000002c6b0aef6e0 JavaThread "Reference Handler" daemon [_thread_blocked, id=2516, stack(0x000000d598800000,0x000000d598900000)]
  0x000002c6b0af2c20 JavaThread "Finalizer" daemon [_thread_blocked, id=6792, stack(0x000000d598900000,0x000000d598a00000)]
  0x000002c6b0b02630 JavaThread "Signal Dispatcher" daemon [_thread_blocked, id=18076, stack(0x000000d598b00000,0x000000d598c00000)]
  0x000002c6b0b06020 JavaThread "Attach Listener" daemon [_thread_blocked, id=17748, stack(0x000000d598c00000,0x000000d598d00000)]
  0x000002c6b0b07090 JavaThread "Service Thread" daemon [_thread_blocked, id=11148, stack(0x000000d598d00000,0x000000d598e00000)]
  0x000002c6b0b0bee0 JavaThread "Monitor Deflation Thread" daemon [_thread_blocked, id=18620, stack(0x000000d598e00000,0x000000d598f00000)]
  0x000002c6b0b0e760 JavaThread "C2 CompilerThread0" daemon [_thread_blocked, id=5228, stack(0x000000d598f00000,0x000000d599000000)]
  0x000002c6b0b118f0 JavaThread "C1 CompilerThread0" daemon [_thread_blocked, id=15060, stack(0x000000d599000000,0x000000d599100000)]
  0x000002c6b0b268b0 JavaThread "Sweeper thread" daemon [_thread_blocked, id=18384, stack(0x000000d599100000,0x000000d599200000)]
  0x000002c6b0b263a0 JavaThread "Common-Cleaner" daemon [_thread_blocked, id=2452, stack(0x000000d599200000,0x000000d599300000)]
  0x000002c6b0b272d0 JavaThread "Monitor Ctrl-Break" daemon [_thread_in_native, id=18684, stack(0x000000d599300000,0x000000d599400000)]
  0x000002c6b0b29130 JavaThread "Notification Thread" daemon [_thread_blocked, id=6300, stack(0x000000d599400000,0x000000d599500000)]
  0x000002c6b0b28200 JavaThread "Catalina-utility-1" [_thread_blocked, id=18704, stack(0x000000d599a00000,0x000000d599b00000)]
  0x000002c6b0b28c20 JavaThread "Catalina-utility-2" [_thread_blocked, id=12300, stack(0x000000d599b00000,0x000000d599c00000)]
  0x000002c6b0b28710 JavaThread "container-0" [_thread_blocked, id=18072, stack(0x000000d599c00000,0x000000d599d00000)]
  0x000002c6f799dae0 JavaThread "PostgreSQL-JDBC-Cleaner" daemon [_thread_blocked, id=6288, stack(0x000000d599e00000,0x000000d599f00000)]
  0x000002c6f7997090 JavaThread "DestroyJavaVM" [_thread_blocked, id=17160, stack(0x000000d598100000,0x000000d598200000)]
  0x000002c6f7999e20 JavaThread "SIGINT handler" daemon [_thread_blocked, id=15064, stack(0x000000d599900000,0x000000d599a00000)]
=>0x000002c6f7999910 JavaThread "SpringApplicationShutdownHook" [_thread_in_vm, id=18936, stack(0x000000d59ac00000,0x000000d59ad00000)]

Other Threads:
  0x000002c6b0ae9b60 VMThread "VM Thread" [stack: 0x000000d598700000,0x000000d598800000] [id=2336]
  0x000002c6f6349e70 WatcherThread [stack: 0x000000d599500000,0x000000d599600000] [id=16984]
  0x000002c68ed75c10 GCTaskThread "GC Thread#0" [stack: 0x000000d598200000,0x000000d598300000] [id=12200]
  0x000002c6f6941c20 GCTaskThread "GC Thread#1" [stack: 0x000000d599600000,0x000000d599700000] [id=13516]
  0x000002c6f68539c0 GCTaskThread "GC Thread#2" [stack: 0x000000d599700000,0x000000d599800000] [id=13984]
  0x000002c6f6853c80 GCTaskThread "GC Thread#3" [stack: 0x000000d599800000,0x000000d599900000] [id=8940]
  0x000002c68ed848d0 ConcurrentGCThread "G1 Main Marker" [stack: 0x000000d598300000,0x000000d598400000] [id=16664]
  0x000002c68ed85990 ConcurrentGCThread "G1 Conc#0" [stack: 0x000000d598400000,0x000000d598500000] [id=13916]
  0x000002c6b09b00a0 ConcurrentGCThread "G1 Refine#0" [stack: 0x000000d598500000,0x000000d598600000] [id=18672]
  0x000002c6b09b09e0 ConcurrentGCThread "G1 Service" [stack: 0x000000d598600000,0x000000d598700000] [id=14000]

Threads with active compile tasks:

VM state: not at safepoint (normal execution)

VM Mutex/Monitor currently owned by a thread:  ([mutex/lock_event])
[0x000002c68ed17bd0] CodeCache_lock - owner thread: 0x000002c6f7999910
[0x000002c68ed1a020] Compile_lock - owner thread: 0x000002c6f7999910

Heap address: 0x0000000741c00000, size: 3044 MB, Compressed Oops mode: Zero based, Oop shift amount: 3

CDS archive(s) mapped at: [0x000002c6b1000000-0x000002c6b1bd0000-0x000002c6b1bd0000), size 12386304, SharedBaseAddress: 0x000002c6b1000000, ArchiveRelocationMode: 1.
Compressed class space mapped at: 0x000002c6b2000000-0x000002c6f2000000, reserved size: 1073741824
Narrow klass base: 0x000002c6b1000000, Narrow klass shift: 0, Narrow klass range: 0x100000000

GC Precious Log:
 CPUs: 4 total, 4 available
 Memory: 12171M
 Large Page Support: Disabled
 NUMA Support: Disabled
 Compressed Oops: Enabled (Zero based)
 Heap Region Size: 2M
 Heap Min Capacity: 8M
 Heap Initial Capacity: 192M
 Heap Max Capacity: 3044M
 Pre-touch: Disabled
 Parallel Workers: 4
 Concurrent Workers: 1
 Concurrent Refinement Workers: 4
 Periodic GC: Disabled

Heap:
 garbage-first heap   total 94208K, used 67800K [0x0000000741c00000, 0x0000000800000000)
  region size 2048K, 23 young (47104K), 3 survivors (6144K)
 Metaspace       used 68333K, committed 68928K, reserved 1114112K
  class space    used 9395K, committed 9664K, reserved 1048576K

Heap Regions: E=young(eden), S=young(survivor), O=old, HS=humongous(starts), HC=humongous(continues), CS=collection set, F=free, OA=open archive, CA=closed archive, TAMS=top-at-mark-start (previous, next)
|   0|0x0000000741c00000, 0x0000000741e00000, 0x0000000741e00000|100%| O|  |TAMS 0x0000000741e00000, 0x0000000741c00000| Untracked 
|   1|0x0000000741e00000, 0x0000000742000000, 0x0000000742000000|100%| O|  |TAMS 0x0000000742000000, 0x0000000741e00000| Untracked 
|   2|0x0000000742000000, 0x0000000742200000, 0x0000000742200000|100%| O|  |TAMS 0x0000000742200000, 0x0000000742000000| Untracked 
|   3|0x0000000742200000, 0x0000000742400000, 0x0000000742400000|100%| O|  |TAMS 0x0000000742400000, 0x0000000742200000| Untracked 
|   4|0x0000000742400000, 0x0000000742600000, 0x0000000742600000|100%| O|  |TAMS 0x0000000742600000, 0x0000000742400000| Untracked 
|   5|0x0000000742600000, 0x0000000742800000, 0x0000000742800000|100%| O|  |TAMS 0x0000000742800000, 0x0000000742600000| Untracked 
|   6|0x0000000742800000, 0x0000000742a00000, 0x0000000742a00000|100%| O|  |TAMS 0x0000000742a00000, 0x0000000742800000| Untracked 
|   7|0x0000000742a00000, 0x0000000742c00000, 0x0000000742c00000|100%| O|  |TAMS 0x0000000742c00000, 0x0000000742a00000| Untracked 
|   8|0x0000000742c00000, 0x0000000742ddf000, 0x0000000742e00000| 93%| O|  |TAMS 0x0000000742c00000, 0x0000000742c00000| Untracked 
|   9|0x0000000742e00000, 0x0000000743000000, 0x0000000743000000|100%| O|  |TAMS 0x0000000743000000, 0x0000000742e00000| Untracked 
|  10|0x0000000743000000, 0x0000000743200000, 0x0000000743200000|100%| O|  |TAMS 0x0000000743200000, 0x0000000743000000| Untracked 
|  11|0x0000000743200000, 0x0000000743400000, 0x0000000743400000|100%| O|  |TAMS 0x000000074321e600, 0x0000000743200000| Untracked 
|  12|0x0000000743400000, 0x0000000743400000, 0x0000000743600000|  0%| F|  |TAMS 0x0000000743400000, 0x0000000743400000| Untracked 
|  13|0x0000000743600000, 0x0000000743600000, 0x0000000743800000|  0%| F|  |TAMS 0x0000000743600000, 0x0000000743600000| Untracked 
|  14|0x0000000743800000, 0x0000000743800000, 0x0000000743a00000|  0%| F|  |TAMS 0x0000000743800000, 0x0000000743800000| Untracked 
|  15|0x0000000743a00000, 0x0000000743a00000, 0x0000000743c00000|  0%| F|  |TAMS 0x0000000743a00000, 0x0000000743a00000| Untracked 
|  16|0x0000000743c00000, 0x0000000743c00000, 0x0000000743e00000|  0%| F|  |TAMS 0x0000000743c00000, 0x0000000743c00000| Untracked 
|  17|0x0000000743e00000, 0x0000000743e00000, 0x0000000744000000|  0%| F|  |TAMS 0x0000000743e00000, 0x0000000743e00000| Untracked 
|  18|0x0000000744000000, 0x0000000744000000, 0x0000000744200000|  0%| F|  |TAMS 0x0000000744000000, 0x0000000744000000| Untracked 
|  19|0x0000000744200000, 0x00000007442570d0, 0x0000000744400000| 17%| S|CS|TAMS 0x0000000744200000, 0x0000000744200000| Complete 
|  20|0x0000000744400000, 0x0000000744600000, 0x0000000744600000|100%| S|CS|TAMS 0x0000000744400000, 0x0000000744400000| Complete 
|  21|0x0000000744600000, 0x0000000744800000, 0x0000000744800000|100%| S|CS|TAMS 0x0000000744600000, 0x0000000744600000| Complete 
|  22|0x0000000744800000, 0x0000000744800000, 0x0000000744a00000|  0%| F|  |TAMS 0x0000000744800000, 0x0000000744800000| Untracked 
|  23|0x0000000744a00000, 0x0000000744a00000, 0x0000000744c00000|  0%| F|  |TAMS 0x0000000744a00000, 0x0000000744a00000| Untracked 
|  24|0x0000000744c00000, 0x0000000744c00000, 0x0000000744e00000|  0%| F|  |TAMS 0x0000000744c00000, 0x0000000744c00000| Untracked 
|  25|0x0000000744e00000, 0x0000000744e00000, 0x0000000745000000|  0%| F|  |TAMS 0x0000000744e00000, 0x0000000744e00000| Untracked 
|  26|0x0000000745000000, 0x0000000745036450, 0x0000000745200000| 10%| E|  |TAMS 0x0000000745000000, 0x0000000745000000| Complete 
|  27|0x0000000745200000, 0x0000000745400000, 0x0000000745400000|100%| E|CS|TAMS 0x0000000745200000, 0x0000000745200000| Complete 
|  28|0x0000000745400000, 0x0000000745600000, 0x0000000745600000|100%| E|CS|TAMS 0x0000000745400000, 0x0000000745400000| Complete 
|  29|0x0000000745600000, 0x0000000745800000, 0x0000000745800000|100%| E|CS|TAMS 0x0000000745600000, 0x0000000745600000| Complete 
|  30|0x0000000745800000, 0x0000000745a00000, 0x0000000745a00000|100%| E|CS|TAMS 0x0000000745800000, 0x0000000745800000| Complete 
|  31|0x0000000745a00000, 0x0000000745c00000, 0x0000000745c00000|100%| E|CS|TAMS 0x0000000745a00000, 0x0000000745a00000| Complete 
|  32|0x0000000745c00000, 0x0000000745e00000, 0x0000000745e00000|100%| E|CS|TAMS 0x0000000745c00000, 0x0000000745c00000| Complete 
|  33|0x0000000745e00000, 0x0000000746000000, 0x0000000746000000|100%| E|CS|TAMS 0x0000000745e00000, 0x0000000745e00000| Complete 
|  34|0x0000000746000000, 0x0000000746200000, 0x0000000746200000|100%| E|CS|TAMS 0x0000000746000000, 0x0000000746000000| Complete 
|  35|0x0000000746200000, 0x0000000746400000, 0x0000000746400000|100%| E|CS|TAMS 0x0000000746200000, 0x0000000746200000| Complete 
|  36|0x0000000746400000, 0x0000000746600000, 0x0000000746600000|100%| E|CS|TAMS 0x0000000746400000, 0x0000000746400000| Complete 
|  37|0x0000000746600000, 0x0000000746800000, 0x0000000746800000|100%| E|CS|TAMS 0x0000000746600000, 0x0000000746600000| Complete 
|  38|0x0000000746800000, 0x0000000746a00000, 0x0000000746a00000|100%| E|CS|TAMS 0x0000000746800000, 0x0000000746800000| Complete 
|  39|0x0000000746a00000, 0x0000000746c00000, 0x0000000746c00000|100%| E|CS|TAMS 0x0000000746a00000, 0x0000000746a00000| Complete 
|  40|0x0000000746c00000, 0x0000000746e00000, 0x0000000746e00000|100%| E|CS|TAMS 0x0000000746c00000, 0x0000000746c00000| Complete 
|  64|0x0000000749c00000, 0x0000000749e00000, 0x0000000749e00000|100%| E|CS|TAMS 0x0000000749c00000, 0x0000000749c00000| Complete 
|  65|0x0000000749e00000, 0x000000074a000000, 0x000000074a000000|100%| E|CS|TAMS 0x0000000749e00000, 0x0000000749e00000| Complete 
|  66|0x000000074a000000, 0x000000074a200000, 0x000000074a200000|100%| E|CS|TAMS 0x000000074a000000, 0x000000074a000000| Complete 
|  67|0x000000074a200000, 0x000000074a400000, 0x000000074a400000|100%| E|CS|TAMS 0x000000074a200000, 0x000000074a200000| Complete 
|  95|0x000000074da00000, 0x000000074dc00000, 0x000000074dc00000|100%| E|CS|TAMS 0x000000074da00000, 0x000000074da00000| Complete 

Card table byte_map: [0x000002c6a7a10000,0x000002c6a8010000] _byte_map_base: 0x000002c6a4002000

Marking Bits (Prev, Next): (CMBitMap*) 0x000002c68ed77190, (CMBitMap*) 0x000002c68ed77150
 Prev Bits: [0x000002c6ab5a0000, 0x000002c6ae530000)
 Next Bits: [0x000002c6a8610000, 0x000002c6ab5a0000)

Polling page: 0x000002c68ebd0000

Metaspace:

Usage:
  Non-class:     57.56 MB used.
      Class:      9.18 MB used.
       Both:     66.73 MB used.

Virtual space:
  Non-class space:       64.00 MB reserved,      57.88 MB ( 90%) committed,  1 nodes.
      Class space:        1.00 GB reserved,       9.44 MB ( <1%) committed,  1 nodes.
             Both:        1.06 GB reserved,      67.31 MB (  6%) committed. 

Chunk freelists:
   Non-Class:  6.09 MB
       Class:  6.39 MB
        Both:  12.48 MB

MaxMetaspaceSize: unlimited
CompressedClassSpaceSize: 1.00 GB
Initial GC threshold: 21.00 MB
Current GC threshold: 98.75 MB
CDS: on
MetaspaceReclaimPolicy: balanced
 - commit_granule_bytes: 65536.
 - commit_granule_words: 8192.
 - virtual_space_node_default_size: 8388608.
 - enlarge_chunks_in_place: 1.
 - new_chunks_are_fully_committed: 0.
 - uncommit_free_chunks: 1.
 - use_allocation_guard: 0.
 - handle_deallocations: 1.


Internal statistics:

num_allocs_failed_limit: 9.
num_arena_births: 828.
num_arena_deaths: 0.
num_vsnodes_births: 2.
num_vsnodes_deaths: 0.
num_space_committed: 1077.
num_space_uncommitted: 0.
num_chunks_returned_to_freelist: 9.
num_chunks_taken_from_freelist: 3288.
num_chunk_merges: 9.
num_chunk_splits: 2425.
num_chunks_enlarged: 1945.
num_inconsistent_stats: 0.

CodeHeap 'non-profiled nmethods': size=120000Kb used=3815Kb max_used=3815Kb free=116185Kb
 bounds [0x000002c69f8b0000, 0x000002c69fc70000, 0x000002c6a6de0000]
CodeHeap 'profiled nmethods': size=120000Kb used=11011Kb max_used=11011Kb free=108988Kb
 bounds [0x000002c697de0000, 0x000002c6988b0000, 0x000002c69f310000]
CodeHeap 'non-nmethods': size=5760Kb used=1340Kb max_used=1386Kb free=4419Kb
 bounds [0x000002c69f310000, 0x000002c69f580000, 0x000002c69f8b0000]
 total_blobs=6232 nmethods=5557 adapters=587
 compilation: enabled
              stopped_count=0, restarted_count=0
 full_count=0

Compilation events (20 events):
Event: 17609.819 Thread 0x000002c6b0b118f0 nmethod 6312 0x000002c69889dc10 code [0x000002c69889ddc0, 0x000002c69889dff8]
Event: 17609.819 Thread 0x000002c6b0b118f0 6313       3       java.time.format.DateTimePrintContext::getValue (36 bytes)
Event: 17609.819 Thread 0x000002c6b0b118f0 nmethod 6313 0x000002c69889e110 code [0x000002c69889e2e0, 0x000002c69889e688]
Event: 17609.819 Thread 0x000002c6b0b118f0 6314       3       java.time.ZonedDateTime::getLong (79 bytes)
Event: 17609.821 Thread 0x000002c6b0b118f0 nmethod 6314 0x000002c69889e790 code [0x000002c69889e980, 0x000002c69889efe8]
Event: 17609.823 Thread 0x000002c6b0b118f0 6315   !   3       java.util.concurrent.ThreadPoolExecutor::tryTerminate (163 bytes)
Event: 17609.826 Thread 0x000002c6b0b118f0 nmethod 6315 0x000002c69889f190 code [0x000002c69889f560, 0x000002c6988a10c8]
Event: 17609.827 Thread 0x000002c6b0b118f0 6316       3       java.io.FileDescriptor$1::get (5 bytes)
Event: 17609.827 Thread 0x000002c6b0b118f0 nmethod 6316 0x000002c6988a1b90 code [0x000002c6988a1d20, 0x000002c6988a1e38]
Event: 17609.841 Thread 0x000002c6b0b0e760 nmethod 6311 0x000002c69fc67490 code [0x000002c69fc67660, 0x000002c69fc681d8]
Event: 17613.960 Thread 0x000002c6b0b0e760 6317       4       java.util.HashMap::remove (26 bytes)
Event: 17613.964 Thread 0x000002c6b0b0e760 nmethod 6317 0x000002c69fc68610 code [0x000002c69fc687a0, 0x000002c69fc688e8]
Event: 17613.964 Thread 0x000002c6b0b0e760 6318       4       java.util.HashSet::remove (20 bytes)
Event: 17613.971 Thread 0x000002c6b0b0e760 nmethod 6318 0x000002c69fc68a10 code [0x000002c69fc68bc0, 0x000002c69fc68e58]
Event: 17613.971 Thread 0x000002c6b0b0e760 6319       4       jdk.internal.org.objectweb.asm.MethodVisitor::<init> (88 bytes)
Event: 17613.976 Thread 0x000002c6b0b0e760 nmethod 6319 0x000002c69fc69010 code [0x000002c69fc69180, 0x000002c69fc692f8]
Event: 17613.976 Thread 0x000002c6b0b0e760 6320       4       org.apache.catalina.mapper.MapperListener::lifecycleEvent (180 bytes)
Event: 17613.982 Thread 0x000002c6b0b118f0 6321       3       java.lang.ModuleLayer::boot (4 bytes)
Event: 17613.982 Thread 0x000002c6b0b118f0 nmethod 6321 0x000002c697eff190 code [0x000002c697eff320, 0x000002c697eff418]
Event: 17613.984 Thread 0x000002c6b0b0e760 nmethod 6320 0x000002c69fc69390 code [0x000002c69fc69560, 0x000002c69fc699c8]

GC Heap History (20 events):
Event: 6.911 GC heap before
{Heap before GC invocations=5 (full 0):
 garbage-first heap   total 61440K, used 42621K [0x0000000741c00000, 0x0000000800000000)
  region size 2048K, 18 young (36864K), 4 survivors (8192K)
 Metaspace       used 25017K, committed 25344K, reserved 1114112K
  class space    used 3263K, committed 3392K, reserved 1048576K
}
Event: 6.939 GC heap after
{Heap after GC invocations=6 (full 0):
 garbage-first heap   total 61440K, used 15932K [0x0000000741c00000, 0x0000000800000000)
  region size 2048K, 2 young (4096K), 2 survivors (4096K)
 Metaspace       used 25017K, committed 25344K, reserved 1114112K
  class space    used 3263K, committed 3392K, reserved 1048576K
}
Event: 7.120 GC heap before
{Heap before GC invocations=6 (full 0):
 garbage-first heap   total 61440K, used 17980K [0x0000000741c00000, 0x0000000800000000)
  region size 2048K, 3 young (6144K), 2 survivors (4096K)
 Metaspace       used 25371K, committed 25728K, reserved 1114112K
  class space    used 3326K, committed 3456K, reserved 1048576K
}
Event: 7.133 GC heap after
{Heap after GC invocations=7 (full 0):
 garbage-first heap   total 61440K, used 16366K [0x0000000741c00000, 0x0000000800000000)
  region size 2048K, 1 young (2048K), 1 survivors (2048K)
 Metaspace       used 25371K, committed 25728K, reserved 1114112K
  class space    used 3326K, committed 3456K, reserved 1048576K
}
Event: 9.866 GC heap before
{Heap before GC invocations=7 (full 0):
 garbage-first heap   total 61440K, used 38894K [0x0000000741c00000, 0x0000000800000000)
  region size 2048K, 12 young (24576K), 1 survivors (2048K)
 Metaspace       used 30522K, committed 30976K, reserved 1114112K
  class space    used 3996K, committed 4224K, reserved 1048576K
}
Event: 9.877 GC heap after
{Heap after GC invocations=8 (full 0):
 garbage-first heap   total 61440K, used 18259K [0x0000000741c00000, 0x0000000800000000)
  region size 2048K, 2 young (4096K), 2 survivors (4096K)
 Metaspace       used 30522K, committed 30976K, reserved 1114112K
  class space    used 3996K, committed 4224K, reserved 1048576K
}
Event: 11.197 GC heap before
{Heap before GC invocations=8 (full 0):
 garbage-first heap   total 61440K, used 36691K [0x0000000741c00000, 0x0000000800000000)
  region size 2048K, 12 young (24576K), 2 survivors (4096K)
 Metaspace       used 35539K, committed 35968K, reserved 1114112K
  class space    used 4726K, committed 4928K, reserved 1048576K
}
Event: 11.208 GC heap after
{Heap after GC invocations=9 (full 0):
 garbage-first heap   total 61440K, used 19643K [0x0000000741c00000, 0x0000000800000000)
  region size 2048K, 1 young (2048K), 1 survivors (2048K)
 Metaspace       used 35539K, committed 35968K, reserved 1114112K
  class space    used 4726K, committed 4928K, reserved 1048576K
}
Event: 12.880 GC heap before
{Heap before GC invocations=10 (full 0):
 garbage-first heap   total 61440K, used 44219K [0x0000000741c00000, 0x0000000800000000)
  region size 2048K, 13 young (26624K), 1 survivors (2048K)
 Metaspace       used 41918K, committed 42368K, reserved 1114112K
  class space    used 5687K, committed 5952K, reserved 1048576K
}
Event: 12.895 GC heap after
{Heap after GC invocations=11 (full 0):
 garbage-first heap   total 61440K, used 21184K [0x0000000741c00000, 0x0000000800000000)
  region size 2048K, 2 young (4096K), 2 survivors (4096K)
 Metaspace       used 41918K, committed 42368K, reserved 1114112K
  class space    used 5687K, committed 5952K, reserved 1048576K
}
Event: 13.034 GC heap before
{Heap before GC invocations=11 (full 0):
 garbage-first heap   total 61440K, used 21184K [0x0000000741c00000, 0x0000000800000000)
  region size 2048K, 3 young (6144K), 2 survivors (4096K)
 Metaspace       used 42278K, committed 42688K, reserved 1114112K
  class space    used 5735K, committed 5952K, reserved 1048576K
}
Event: 13.051 GC heap after
{Heap after GC invocations=12 (full 0):
 garbage-first heap   total 61440K, used 20972K [0x0000000741c00000, 0x0000000800000000)
  region size 2048K, 1 young (2048K), 1 survivors (2048K)
 Metaspace       used 42278K, committed 42688K, reserved 1114112K
  class space    used 5735K, committed 5952K, reserved 1048576K
}
Event: 14.303 GC heap before
{Heap before GC invocations=12 (full 0):
 garbage-first heap   total 61440K, used 43500K [0x0000000741c00000, 0x0000000800000000)
  region size 2048K, 12 young (24576K), 1 survivors (2048K)
 Metaspace       used 47759K, committed 48256K, reserved 1114112K
  class space    used 6429K, committed 6656K, reserved 1048576K
}
Event: 14.312 GC heap after
{Heap after GC invocations=13 (full 0):
 garbage-first heap   total 94208K, used 22101K [0x0000000741c00000, 0x0000000800000000)
  region size 2048K, 1 young (2048K), 1 survivors (2048K)
 Metaspace       used 47759K, committed 48256K, reserved 1114112K
  class space    used 6429K, committed 6656K, reserved 1048576K
}
Event: 17.894 GC heap before
{Heap before GC invocations=13 (full 0):
 garbage-first heap   total 94208K, used 67157K [0x0000000741c00000, 0x0000000800000000)
  region size 2048K, 23 young (47104K), 1 survivors (2048K)
 Metaspace       used 58918K, committed 59456K, reserved 1114112K
  class space    used 8149K, committed 8384K, reserved 1048576K
}
Event: 17.905 GC heap after
{Heap after GC invocations=14 (full 0):
 garbage-first heap   total 94208K, used 24598K [0x0000000741c00000, 0x0000000800000000)
  region size 2048K, 2 young (4096K), 2 survivors (4096K)
 Metaspace       used 58918K, committed 59456K, reserved 1114112K
  class space    used 8149K, committed 8384K, reserved 1048576K
}
Event: 18.633 GC heap before
{Heap before GC invocations=14 (full 0):
 garbage-first heap   total 94208K, used 32790K [0x0000000741c00000, 0x0000000800000000)
  region size 2048K, 7 young (14336K), 2 survivors (4096K)
 Metaspace       used 60017K, committed 60480K, reserved 1114112K
  class space    used 8288K, committed 8512K, reserved 1048576K
}
Event: 18.647 GC heap after
{Heap after GC invocations=15 (full 0):
 garbage-first heap   total 94208K, used 25847K [0x0000000741c00000, 0x0000000800000000)
  region size 2048K, 2 young (4096K), 2 survivors (4096K)
 Metaspace       used 60017K, committed 60480K, reserved 1114112K
  class space    used 8288K, committed 8512K, reserved 1048576K
}
Event: 3015.701 GC heap before
{Heap before GC invocations=16 (full 0):
 garbage-first heap   total 94208K, used 70903K [0x0000000741c00000, 0x0000000800000000)
  region size 2048K, 24 young (49152K), 2 survivors (4096K)
 Metaspace       used 67932K, committed 68544K, reserved 1114112K
  class space    used 9370K, committed 9664K, reserved 1048576K
}
Event: 3015.749 GC heap after
{Heap after GC invocations=17 (full 0):
 garbage-first heap   total 94208K, used 28888K [0x0000000741c00000, 0x0000000800000000)
  region size 2048K, 3 young (6144K), 3 survivors (6144K)
 Metaspace       used 67932K, committed 68544K, reserved 1114112K
  class space    used 9370K, committed 9664K, reserved 1048576K
}

Deoptimization events (20 events):
Event: 17609.774 Thread 0x000002c6f799c6a0 DEOPT UNPACKING pc=0x000002c69f3623a3 sp=0x000000d59a3feb00 mode 2
Event: 17609.775 Thread 0x000002c6f7996b80 DEOPT PACKING pc=0x000002c69f8e5548 sp=0x000000d59a4fedc0
Event: 17609.775 Thread 0x000002c6f799ad50 Uncommon trap: reason=unstable_if action=reinterpret pc=0x000002c69f8e5548 method=java.lang.Thread.interrupted()Z @ 10 c2
Event: 17609.775 Thread 0x000002c6f7996b80 DEOPT UNPACKING pc=0x000002c69f3623a3 sp=0x000000d59a4fed50 mode 2
Event: 17609.775 Thread 0x000002c6f7998ef0 DEOPT PACKING pc=0x000002c69f9530f0 sp=0x000000d59a9fefb0
Event: 17609.775 Thread 0x000002c6f799dff0 DEOPT PACKING pc=0x000002c69f8e5548 sp=0x000000d59a6ff020
Event: 17609.775 Thread 0x000002c6f7998ef0 DEOPT UNPACKING pc=0x000002c69f3623a3 sp=0x000000d59a9fef40 mode 2
Event: 17609.775 Thread 0x000002c6f799dff0 DEOPT UNPACKING pc=0x000002c69f3623a3 sp=0x000000d59a6fefb0 mode 2
Event: 17609.775 Thread 0x000002c6f799cbb0 DEOPT PACKING pc=0x000002c69f9530f0 sp=0x000000d59a7febd0
Event: 17609.775 Thread 0x000002c6f799cbb0 DEOPT UNPACKING pc=0x000002c69f3623a3 sp=0x000000d59a7feb60 mode 2
Event: 17609.775 Thread 0x000002c6f799ad50 DEOPT PACKING pc=0x000002c69f8e5548 sp=0x000000d59a2ff360
Event: 17609.775 Thread 0x000002c6f799ad50 DEOPT UNPACKING pc=0x000002c69f3623a3 sp=0x000000d59a2ff2f0 mode 2
Event: 17609.775 Thread 0x000002c6f799ad50 Uncommon trap: trap_request=0xffffff5c fr.pc=0x000002c69f954294 relative=0x0000000000000474
Event: 17609.775 Thread 0x000002c6f799ad50 Uncommon trap: reason=speculate_null_check action=make_not_entrant pc=0x000002c69f954294 method=java.util.concurrent.locks.AbstractQueuedSynchronizer.enqueue(Ljava/util/concurrent/locks/AbstractQueuedSynchronizer$Node;)V @ 15 c2
Event: 17609.776 Thread 0x000002c6f799ad50 DEOPT PACKING pc=0x000002c69f954294 sp=0x000000d59a2ff400
Event: 17609.776 Thread 0x000002c6f799ad50 DEOPT UNPACKING pc=0x000002c69f3623a3 sp=0x000000d59a2ff368 mode 2
Event: 17613.956 Thread 0x000002c6f799d5d0 Uncommon trap: trap_request=0xffffff45 fr.pc=0x000002c69fc4aef4 relative=0x0000000000000474
Event: 17613.956 Thread 0x000002c6f799d5d0 Uncommon trap: reason=unstable_if action=reinterpret pc=0x000002c69fc4aef4 method=java.util.concurrent.locks.AbstractQueuedSynchronizer$ConditionNode.isReleasable()Z @ 14 c2
Event: 17613.956 Thread 0x000002c6f799d5d0 DEOPT PACKING pc=0x000002c69fc4aef4 sp=0x000000d599ffef50
Event: 17613.956 Thread 0x000002c6f799d5d0 DEOPT UNPACKING pc=0x000002c69f3623a3 sp=0x000000d599ffed68 mode 2

Classes unloaded (0 events):
No events

Classes redefined (0 events):
No events

Internal exceptions (20 events):
Event: 17603.724 Thread 0x000002c6f79975a0 Exception <a 'java/net/ConnectException'{0x000000074550b6d8}: Connection refused: no further information> (0x000000074550b6d8) 
thrown [s\open\src\hotspot\share\prims\jni.cpp, line 535]
Event: 17603.725 Thread 0x000002c6f79975a0 Exception <a 'java/net/SocketException'{0x000000074550ba10}: Socket is not connected: shutdown> (0x000000074550ba10) 
thrown [s\open\src\hotspot\share\prims\jni.cpp, line 535]
Event: 17603.756 Thread 0x000002c6f79975a0 Exception <a 'java/net/ConnectException'{0x000000074550e568}: Connection refused: no further information> (0x000000074550e568) 
thrown [s\open\src\hotspot\share\prims\jni.cpp, line 535]
Event: 17603.756 Thread 0x000002c6f79975a0 Exception <a 'java/net/SocketException'{0x000000074550e8a0}: Socket is not connected: shutdown> (0x000000074550e8a0) 
thrown [s\open\src\hotspot\share\prims\jni.cpp, line 535]
Event: 17603.810 Thread 0x000002c6f79975a0 Exception <a 'java/net/ConnectException'{0x00000007455113f8}: Connection refused: no further information> (0x00000007455113f8) 
thrown [s\open\src\hotspot\share\prims\jni.cpp, line 535]
Event: 17603.810 Thread 0x000002c6f79975a0 Exception <a 'java/net/SocketException'{0x0000000745511730}: Socket is not connected: shutdown> (0x0000000745511730) 
thrown [s\open\src\hotspot\share\prims\jni.cpp, line 535]
Event: 17603.894 Thread 0x000002c6f79975a0 Exception <a 'java/net/ConnectException'{0x0000000745514288}: Connection refused: no further information> (0x0000000745514288) 
thrown [s\open\src\hotspot\share\prims\jni.cpp, line 535]
Event: 17603.894 Thread 0x000002c6f79975a0 Exception <a 'java/net/SocketException'{0x00000007455145c0}: Socket is not connected: shutdown> (0x00000007455145c0) 
thrown [s\open\src\hotspot\share\prims\jni.cpp, line 535]
Event: 17604.077 Thread 0x000002c6f79975a0 Exception <a 'java/net/ConnectException'{0x0000000745517118}: Connection refused: no further information> (0x0000000745517118) 
thrown [s\open\src\hotspot\share\prims\jni.cpp, line 535]
Event: 17604.078 Thread 0x000002c6f79975a0 Exception <a 'java/net/SocketException'{0x0000000745517450}: Socket is not connected: shutdown> (0x0000000745517450) 
thrown [s\open\src\hotspot\share\prims\jni.cpp, line 535]
Event: 17604.413 Thread 0x000002c6f79975a0 Exception <a 'java/net/ConnectException'{0x0000000745519fa8}: Connection refused: no further information> (0x0000000745519fa8) 
thrown [s\open\src\hotspot\share\prims\jni.cpp, line 535]
Event: 17604.413 Thread 0x000002c6f79975a0 Exception <a 'java/net/SocketException'{0x000000074551a2e0}: Socket is not connected: shutdown> (0x000000074551a2e0) 
thrown [s\open\src\hotspot\share\prims\jni.cpp, line 535]
Event: 17605.069 Thread 0x000002c6f79975a0 Exception <a 'java/net/ConnectException'{0x000000074551ce38}: Connection refused: no further information> (0x000000074551ce38) 
thrown [s\open\src\hotspot\share\prims\jni.cpp, line 535]
Event: 17605.069 Thread 0x000002c6f79975a0 Exception <a 'java/net/SocketException'{0x000000074551d170}: Socket is not connected: shutdown> (0x000000074551d170) 
thrown [s\open\src\hotspot\share\prims\jni.cpp, line 535]
Event: 17606.372 Thread 0x000002c6f79975a0 Exception <a 'java/net/ConnectException'{0x000000074551fcc8}: Connection refused: no further information> (0x000000074551fcc8) 
thrown [s\open\src\hotspot\share\prims\jni.cpp, line 535]
Event: 17606.372 Thread 0x000002c6f79975a0 Exception <a 'java/net/SocketException'{0x0000000745520000}: Socket is not connected: shutdown> (0x0000000745520000) 
thrown [s\open\src\hotspot\share\prims\jni.cpp, line 535]
Event: 17606.579 Thread 0x000002c6f799d5d0 Exception <a 'java/io/IOException'{0x00000007454d7c70}> (0x00000007454d7c70) 
thrown [s\open\src\hotspot\share\prims\jni.cpp, line 516]
Event: 17608.944 Thread 0x000002c6f79975a0 Exception <a 'java/net/ConnectException'{0x0000000745522dd8}: Connection refused: no further information> (0x0000000745522dd8) 
thrown [s\open\src\hotspot\share\prims\jni.cpp, line 535]
Event: 17608.944 Thread 0x000002c6f79975a0 Exception <a 'java/net/SocketException'{0x0000000745523110}: Socket is not connected: shutdown> (0x0000000745523110) 
thrown [s\open\src\hotspot\share\prims\jni.cpp, line 535]
Event: 17609.005 Thread 0x000002c6f799d5d0 Exception <a 'java/io/IOException'{0x00000007454dbb38}> (0x00000007454dbb38) 
thrown [s\open\src\hotspot\share\prims\jni.cpp, line 516]

VM Operations (20 events):
Event: 15500.126 Executing VM operation: Cleanup
Event: 15500.126 Executing VM operation: Cleanup done
Event: 15544.521 Executing VM operation: Cleanup
Event: 15544.521 Executing VM operation: Cleanup done
Event: 16219.866 Executing VM operation: Cleanup
Event: 16219.866 Executing VM operation: Cleanup done
Event: 16832.655 Executing VM operation: Cleanup
Event: 16832.656 Executing VM operation: Cleanup done
Event: 17202.799 Executing VM operation: Cleanup
Event: 17202.799 Executing VM operation: Cleanup done
Event: 17210.880 Executing VM operation: Cleanup
Event: 17210.880 Executing VM operation: Cleanup done
Event: 17604.109 Executing VM operation: Cleanup
Event: 17604.110 Executing VM operation: Cleanup done
Event: 17605.112 Executing VM operation: Cleanup
Event: 17605.112 Executing VM operation: Cleanup done
Event: 17607.145 Executing VM operation: Cleanup
Event: 17607.145 Executing VM operation: Cleanup done
Event: 17610.176 Executing VM operation: Cleanup
Event: 17610.177 Executing VM operation: Cleanup done

Events (20 events):
Event: 17609.776 Thread 0x000002c6f799ad50 Thread exited: 0x000002c6f799ad50
Event: 17609.811 loading class java/util/AbstractMap$2
Event: 17609.811 loading class java/util/AbstractMap$2 done
Event: 17609.814 loading class java/util/AbstractMap$2$1
Event: 17609.815 loading class java/util/AbstractMap$2$1 done
Event: 17609.821 loading class jdk/internal/reflect/UnsafeQualifiedObjectFieldAccessorImpl
Event: 17609.822 loading class jdk/internal/reflect/UnsafeQualifiedFieldAccessorImpl
Event: 17609.822 loading class jdk/internal/reflect/UnsafeQualifiedFieldAccessorImpl done
Event: 17609.822 loading class jdk/internal/reflect/UnsafeQualifiedObjectFieldAccessorImpl done
Event: 17613.955 Thread 0x000002c6f79975a0 Thread exited: 0x000002c6f79975a0
Event: 17613.956 Thread 0x000002c6f799d5d0 Thread exited: 0x000002c6f799d5d0
Event: 17613.959 Thread 0x000002c6f799e500 Thread exited: 0x000002c6f799e500
Event: 17614.001 loading class java/beans/ThreadGroupContext
Event: 17614.003 loading class java/beans/ThreadGroupContext done
Event: 17614.003 loading class java/beans/ThreadGroupContext$1
Event: 17614.003 loading class java/beans/WeakIdentityMap
Event: 17614.004 loading class java/beans/WeakIdentityMap done
Event: 17614.004 loading class java/beans/ThreadGroupContext$1 done
Event: 17614.004 loading class java/beans/WeakIdentityMap$Entry
Event: 17614.004 loading class java/beans/WeakIdentityMap$Entry done


Dynamic libraries:
0x00007ff6d94f0000 - 0x00007ff6d9500000 	C:\Program Files\Java\jdk-17\bin\java.exe
0x00007ff97c4b0000 - 0x00007ff97c6a8000 	C:\Windows\SYSTEM32\ntdll.dll
0x00007ff97b950000 - 0x00007ff97ba12000 	C:\Windows\System32\KERNEL32.DLL
0x00007ff979fa0000 - 0x00007ff97a296000 	C:\Windows\System32\KERNELBASE.dll
0x00007ff979ea0000 - 0x00007ff979fa0000 	C:\Windows\System32\ucrtbase.dll
0x00007ff9794e0000 - 0x00007ff9794fb000 	C:\Program Files\Java\jdk-17\bin\VCRUNTIME140.dll
0x00007ff9794c0000 - 0x00007ff9794d9000 	C:\Program Files\Java\jdk-17\bin\jli.dll
0x00007ff97af50000 - 0x00007ff97afff000 	C:\Windows\System32\ADVAPI32.dll
0x00007ff97c3d0000 - 0x00007ff97c46e000 	C:\Windows\System32\msvcrt.dll
0x00007ff97bcf0000 - 0x00007ff97bd8f000 	C:\Windows\System32\sechost.dll
0x00007ff97ac80000 - 0x00007ff97ada3000 	C:\Windows\System32\RPCRT4.dll
0x00007ff979cb0000 - 0x00007ff979cd7000 	C:\Windows\System32\bcrypt.dll
0x00007ff97ba20000 - 0x00007ff97bbbd000 	C:\Windows\System32\USER32.dll
0x00007ff97a4b0000 - 0x00007ff97a4d2000 	C:\Windows\System32\win32u.dll
0x00007ff97c3a0000 - 0x00007ff97c3cb000 	C:\Windows\System32\GDI32.dll
0x00007ff979ce0000 - 0x00007ff979dfa000 	C:\Windows\System32\gdi32full.dll
0x00007ff96f070000 - 0x00007ff96f30a000 	C:\Windows\WinSxS\amd64_microsoft.windows.common-controls_6595b64144ccf1df_6.0.19041.5794_none_60bcd33171f2783c\COMCTL32.dll
0x00007ff979e00000 - 0x00007ff979e9d000 	C:\Windows\System32\msvcp_win.dll
0x00007ff976450000 - 0x00007ff97645a000 	C:\Windows\SYSTEM32\VERSION.dll
0x00007ff97ac50000 - 0x00007ff97ac7f000 	C:\Windows\System32\IMM32.DLL
0x00007ff977f50000 - 0x00007ff977f5c000 	C:\Program Files\Java\jdk-17\bin\vcruntime140_1.dll
0x00007ff977ec0000 - 0x00007ff977f4e000 	C:\Program Files\Java\jdk-17\bin\msvcp140.dll
0x00007ff949b00000 - 0x00007ff94a6e0000 	C:\Program Files\Java\jdk-17\bin\server\jvm.dll
0x00007ff97b220000 - 0x00007ff97b228000 	C:\Windows\System32\PSAPI.DLL
0x00007ff979100000 - 0x00007ff979127000 	C:\Windows\SYSTEM32\WINMM.dll
0x00007ff977eb0000 - 0x00007ff977eb9000 	C:\Windows\SYSTEM32\WSOCK32.dll
0x00007ff97b2f0000 - 0x00007ff97b35b000 	C:\Windows\System32\WS2_32.dll
0x00007ff976b60000 - 0x00007ff976b72000 	C:\Windows\SYSTEM32\kernel.appcore.dll
0x00007ff977ea0000 - 0x00007ff977eaa000 	C:\Program Files\Java\jdk-17\bin\jimage.dll
0x00007ff979580000 - 0x00007ff979781000 	C:\Windows\SYSTEM32\DBGHELP.DLL
0x00007ff979470000 - 0x00007ff9794a4000 	C:\Windows\SYSTEM32\dbgcore.DLL
0x00007ff97a350000 - 0x00007ff97a3d2000 	C:\Windows\System32\bcryptPrimitives.dll
0x00007ff977e90000 - 0x00007ff977e9e000 	C:\Program Files\Java\jdk-17\bin\instrument.dll
0x00007ff977e60000 - 0x00007ff977e85000 	C:\Program Files\Java\jdk-17\bin\java.dll
0x00007ff9708d0000 - 0x00007ff9709a7000 	C:\Program Files\Java\jdk-17\bin\jsvml.dll
0x00007ff97a4e0000 - 0x00007ff97ac4e000 	C:\Windows\System32\SHELL32.dll
0x00007ff976e60000 - 0x00007ff977603000 	C:\Windows\SYSTEM32\windows.storage.dll
0x00007ff97b5f0000 - 0x00007ff97b943000 	C:\Windows\System32\combase.dll
0x00007ff978d10000 - 0x00007ff978d3b000 	C:\Windows\SYSTEM32\Wldp.dll
0x00007ff97b370000 - 0x00007ff97b43d000 	C:\Windows\System32\OLEAUT32.dll
0x00007ff97ae40000 - 0x00007ff97aeed000 	C:\Windows\System32\SHCORE.dll
0x00007ff97b290000 - 0x00007ff97b2e5000 	C:\Windows\System32\shlwapi.dll
0x00007ff979a80000 - 0x00007ff979aa5000 	C:\Windows\SYSTEM32\profapi.dll
0x00007ff977e40000 - 0x00007ff977e58000 	C:\Program Files\Java\jdk-17\bin\zip.dll
0x00007ff977d80000 - 0x00007ff977d99000 	C:\Program Files\Java\jdk-17\bin\net.dll
0x00007ff96f340000 - 0x00007ff96f44a000 	C:\Windows\SYSTEM32\WINHTTP.dll
0x00007ff978b60000 - 0x00007ff978bcc000 	C:\Windows\system32\mswsock.dll
0x00007ff977cb0000 - 0x00007ff977cc6000 	C:\Program Files\Java\jdk-17\bin\nio.dll
0x00007ff977e30000 - 0x00007ff977e3e000 	C:\Program Files\Java\jdk-17\bin\sunmscapi.dll
0x00007ff979b50000 - 0x00007ff979cad000 	C:\Windows\System32\CRYPT32.dll
0x00007ff978ec0000 - 0x00007ff978ee7000 	C:\Windows\SYSTEM32\ncrypt.dll
0x00007ff978dd0000 - 0x00007ff978e0b000 	C:\Windows\SYSTEM32\NTASN1.dll
0x00007ff9798c0000 - 0x00007ff9798d8000 	C:\Windows\SYSTEM32\CRYPTSP.dll
0x00007ff978500000 - 0x00007ff978538000 	C:\Windows\system32\rsaenh.dll
0x00007ff979a40000 - 0x00007ff979a6e000 	C:\Windows\SYSTEM32\USERENV.dll
0x00007ff978e30000 - 0x00007ff978e3c000 	C:\Windows\SYSTEM32\CRYPTBASE.dll
0x00007ff978880000 - 0x00007ff9788bb000 	C:\Windows\SYSTEM32\IPHLPAPI.DLL
0x00007ff97be40000 - 0x00007ff97be48000 	C:\Windows\System32\NSI.dll
0x00007ff9728f0000 - 0x00007ff972907000 	C:\Windows\SYSTEM32\dhcpcsvc6.DLL
0x00007ff972960000 - 0x00007ff97297d000 	C:\Windows\SYSTEM32\dhcpcsvc.DLL
0x00007ff9788c0000 - 0x00007ff97898a000 	C:\Windows\SYSTEM32\DNSAPI.dll
0x00007ff977ca0000 - 0x00007ff977caa000 	C:\Program Files\Java\jdk-17\bin\management.dll
0x00007ff977c50000 - 0x00007ff977c5b000 	C:\Program Files\Java\jdk-17\bin\management_ext.dll
0x00007ff977bb0000 - 0x00007ff977bc0000 	C:\Program Files\Java\jdk-17\bin\verify.dll
0x00007ff96a300000 - 0x00007ff96a30a000 	C:\Windows\System32\rasadhlp.dll
0x00007ff96a750000 - 0x00007ff96a7d0000 	C:\Windows\System32\fwpuclnt.dll
0x00007ff96eb80000 - 0x00007ff96eb87000 	C:\Windows\system32\wshunix.dll

dbghelp: loaded successfully - version: 4.0.5 - missing functions: none
symbol engine: initialized successfully - sym options: 0x614 - pdb path: .;C:\Program Files\Java\jdk-17\bin;C:\Windows\SYSTEM32;C:\Windows\WinSxS\amd64_microsoft.windows.common-controls_6595b64144ccf1df_6.0.19041.5794_none_60bcd33171f2783c;C:\Program Files\Java\jdk-17\bin\server

VM Arguments:
jvm_args: -javaagent:C:\Program Files\JetBrains\IntelliJ IDEA Community Edition 2025.1.1\lib\idea_rt.jar=60676 -Dfile.encoding=UTF-8 
java_command: com.ariana.notes.NotesApplication
java_class_path (initial): C:\Users\Ariana\Desktop\notes\target\classes;C:\Users\Ariana\.m2\repository\org\springframework\boot\spring-boot-starter-data-jpa\3.5.0\spring-boot-starter-data-jpa-3.5.0.jar;C:\Users\Ariana\.m2\repository\org\springframework\boot\spring-boot-starter\3.5.0\spring-boot-starter-3.5.0.jar;C:\Users\Ariana\.m2\repository\org\springframework\boot\spring-boot\3.5.0\spring-boot-3.5.0.jar;C:\Users\Ariana\.m2\repository\org\springframework\boot\spring-boot-autoconfigure\3.5.0\spring-boot-autoconfigure-3.5.0.jar;C:\Users\Ariana\.m2\repository\org\springframework\boot\spring-boot-starter-logging\3.5.0\spring-boot-starter-logging-3.5.0.jar;C:\Users\Ariana\.m2\repository\ch\qos\logback\logback-classic\1.5.18\logback-classic-1.5.18.jar;C:\Users\Ariana\.m2\repository\ch\qos\logback\logback-core\1.5.18\logback-core-1.5.18.jar;C:\Users\Ariana\.m2\repository\org\apache\logging\log4j\log4j-to-slf4j\2.24.3\log4j-to-slf4j-2.24.3.jar;C:\Users\Ariana\.m2\repository\org\apache\logging\log4j\log4j-api\2.24.3\log4j-api-2.24.3.jar;C:\Users\Ariana\.m2\repository\org\slf4j\jul-to-slf4j\2.0.17\jul-to-slf4j-2.0.17.jar;C:\Users\Ariana\.m2\repository\jakarta\annotation\jakarta.annotation-api\2.1.1\jakarta.annotation-api-2.1.1.jar;C:\Users\Ariana\.m2\repository\org\yaml\snakeyaml\2.4\snakeyaml-2.4.jar;C:\Users\Ariana\.m2\repository\org\springframework\boot\spring-boot-starter-jdbc\3.5.0\spring-boot-starter-jdbc-3.5.0.jar;C:\Users\Ariana\.m2\repository\com\zaxxer\HikariCP\6.3.0\HikariCP-6.3.0.jar;C:\Users\Ariana\.m2\repository\org\springframework\spring-jdbc\6.2.7\spring-jdbc-6.2.7.jar;C:\Users\Ariana\.m2\repository\org\hibernate\orm\hibernate-core\6.6.15.Final\hibernate-core-6.6.15.Final.jar;C:\Users\Ariana\.m2\repository\jakarta\persistence\jakarta.persistence-api\3.1.0\jakarta.persistence-api-3.1.0.jar;C:\Users\Ariana\.m2\repository\jakarta\transaction\jakarta.transaction-api\2.0.1\jakarta.transaction-api-2.0.1.jar;C:\Users\Ariana\.m2\repository\org\jboss\logging\jboss-
Launcher Type: SUN_STANDARD

[Global flags]
     intx CICompilerCount                          = 3                                         {product} {ergonomic}
     uint ConcGCThreads                            = 1                                         {product} {ergonomic}
     uint G1ConcRefinementThreads                  = 4                                         {product} {ergonomic}
   size_t G1HeapRegionSize                         = 2097152                                   {product} {ergonomic}
    uintx GCDrainStackTargetSize                   = 64                                        {product} {ergonomic}
   size_t InitialHeapSize                          = 201326592                                 {product} {ergonomic}
   size_t MarkStackSize                            = 4194304                                   {product} {ergonomic}
   size_t MaxHeapSize                              = 3191865344                                {product} {ergonomic}
   size_t MaxNewSize                               = 1914699776                                {product} {ergonomic}
   size_t MinHeapDeltaBytes                        = 2097152                                   {product} {ergonomic}
   size_t MinHeapSize                              = 8388608                                   {product} {ergonomic}
    uintx NonNMethodCodeHeapSize                   = 5832780                                {pd product} {ergonomic}
    uintx NonProfiledCodeHeapSize                  = 122912730                              {pd product} {ergonomic}
    uintx ProfiledCodeHeapSize                     = 122912730                              {pd product} {ergonomic}
    uintx ReservedCodeCacheSize                    = 251658240                              {pd product} {ergonomic}
     bool SegmentedCodeCache                       = true                                      {product} {ergonomic}
   size_t SoftMaxHeapSize                          = 3191865344                             {manageable} {ergonomic}
     bool UseCompressedClassPointers               = true                           {product lp64_product} {ergonomic}
     bool UseCompressedOops                        = true                           {product lp64_product} {ergonomic}
     bool UseG1GC                                  = true                                      {product} {ergonomic}
     bool UseLargePagesIndividualAllocation        = false                                  {pd product} {ergonomic}

Logging:
Log output configuration:
 #0: stdout all=warning uptime,level,tags
 #1: stderr all=off uptime,level,tags

Environment Variables:
PATH=C:\Program Files\Common Files\Oracle\Java\javapath;C:\Program Files (x86)\Common Files\Oracle\Java\java8path;C:\Program Files (x86)\Common Files\Oracle\Java\javapath;C:\Windows\system32;C:\Windows;C:\Windows\System32\Wbem;C:\Windows\System32\WindowsPowerShell\v1.0\;C:\Windows\System32\OpenSSH\;C:\Program Files\Docker\Docker\resources\bin;C:\Users\Ariana\AppData\Local\Microsoft\WindowsApps;;C:\Users\Ariana\AppData\Local\Programs\Microsoft VS Code\bin;C:\Program Files\JetBrains\IntelliJ IDEA Community Edition 2025.1.1\bin;
USERNAME=Ariana
OS=Windows_NT
PROCESSOR_IDENTIFIER=Intel64 Family 6 Model 69 Stepping 1, GenuineIntel



---------------  S Y S T E M  ---------------

OS:
 Windows 10 , 64 bit Build 19041 (10.0.19041.5794)
OS uptime: 1 days 1:37 hours
Hyper-V role detected

CPU: total 4 (initial active 4) (2 cores per cpu, 2 threads per core) family 6 model 69 stepping 1 microcode 0x25, cx8, cmov, fxsr, ht, mmx, sse, sse2, sse3, ssse3, sse4.1, sse4.2, popcnt, lzcnt, tsc, tscinvbit, avx, avx2, aes, erms, clmul, bmi1, bmi2, fma, vzeroupper, clflush, hv

Memory: 4k page, system-wide physical 12171M (2823M free)
TotalPageFile size 19616M (AvailPageFile size 3462M)
current process WorkingSet (physical memory assigned to process): 93M, peak: 288M
current process commit charge ("private bytes"): 281M, peak: 332M

vm_info: Java HotSpot(TM) 64-Bit Server VM (17.0.12+8-LTS-286) for windows-amd64 JRE (17.0.12+8-LTS-286), built on Jun  5 2024 06:46:59 by "mach5one" with MS VC++ 17.6 (VS2022)

END.
